<?xml version="1.0" encoding="UTF-8"?>
<!-- Generated by org.testng.reporters.JUnitReportReporter -->
<testsuite hostname="LAPTOP-0DMS84IA" failures="0" tests="1" name="com.Dream.tests.tc6" time="5.495" errors="0" timestamp="2025-06-18T11:36:16 IST" skipped="0">
  <testcase classname="com.Dream.tests.tc6" name="verifyDreamCountConsistency" time="5.495"/>
</testsuite> <!-- com.Dream.tests.tc6 -->
