<?xml version="1.0" encoding="UTF-8"?>
<!-- Generated by org.testng.reporters.JUnitReportReporter -->
<testsuite hostname="Hemu" failures="0" tests="1" name="com.Dream.tests.TC_02_VerifyDiaryEntries" time="5.069" errors="0" timestamp="2025-06-18T16:42:14 IST" skipped="0">
  <testcase classname="com.Dream.tests.TC_02_VerifyDiaryEntries" name="verifyDreamLogTable" time="5.069"/>
</testsuite> <!-- com.Dream.tests.TC_02_VerifyDiaryEntries -->
