<?xml version="1.0" encoding="UTF-8"?>
<!-- Generated by org.testng.reporters.JUnitReportReporter -->
<testsuite hostname="LAPTOP-0DMS84IA" failures="0" tests="1" name="com.Dream.tests.TC_003" time="6.356" errors="0" timestamp="2025-06-18T12:22:28 IST" skipped="0">
  <testcase classname="com.Dream.tests.TC_003" name="verifyDreamCountConsistency" time="6.356"/>
</testsuite> <!-- com.Dream.tests.TC_003 -->
