<?xml version="1.0" encoding="UTF-8"?>
<!-- Generated by org.testng.reporters.JUnitReportReporter -->
<testsuite hostname="LAPTOP-0DMS84IA" failures="0" tests="1" name="com.Dream.tests.Tc5" time="5.170" errors="0" timestamp="2025-06-18T11:31:45 IST" skipped="0">
  <testcase classname="com.Dream.tests.Tc5" name="verifyDreamLogTable" time="5.170"/>
</testsuite> <!-- com.Dream.tests.Tc5 -->
