<?xml version="1.0" encoding="UTF-8"?>
<!-- Generated by org.testng.reporters.JUnitReportReporter -->
<testsuite hostname="LAPTOP-0DMS84IA" failures="0" tests="1" name="com.Dream.tests.TC4" time="4.448" errors="0" timestamp="2025-06-18T11:24:54 IST" skipped="0">
  <testcase classname="com.Dream.tests.TC4" name="verifyDreamPortalHome" time="4.448"/>
</testsuite> <!-- com.Dream.tests.TC4 -->
